(2015-05-14 22:28:38,672) [DEBUG] -Path: D:\workplace\Server_application\FM\2015-05-14_0.log
  (2015-05-14 22:28:38,673) [DEBUG] -Done!
  (2015-05-14 22:28:38,674) [DEBUG] -Path: D:\workplace\Server_application\FM\2015-05-14_1.log
  (2015-05-14 22:28:38,674) [DEBUG] -Done!
  (2015-05-14 22:28:38,675) [DEBUG] -Path: D:\workplace\Server_application\FM\2015-05-14_2.log
  (2015-05-14 22:28:38,675) [DEBUG] -Done!
  (2015-05-14 22:28:38,676) [DEBUG] -Path: D:\workplace\Server_application\FM\2015-05-14_3.log
  (2015-05-14 22:28:38,676) [DEBUG] -Done!
  (2015-05-14 22:28:38,677) [DEBUG] -Path: D:\workplace\Server_application\FM\2015-05-14_4.log
  (2015-05-14 22:28:38,677) [DEBUG] -Done!
  (2015-05-14 22:28:38,677) [DEBUG] -Path: D:\workplace\Server_application\FM\2015-05-14_5.log
  (2015-05-14 22:28:38,678) [DEBUG] -Done!
  (2015-05-14 22:28:38,678) [WARN] -rejected
  (2015-05-14 22:28:38,678) [DEBUG] -Path: D:\workplace\Server_application\FM\2015-05-14_6.log
  (2015-05-14 22:28:38,678) [DEBUG] -Done!
  (2015-05-14 22:28:38,678) [WARN] -rejected
  (2015-05-14 22:28:38,679) [DEBUG] -Path: D:\workplace\Server_application\FM\2015-05-14_7.log
  (2015-05-14 22:28:38,680) [DEBUG] -Done!
  (2015-05-14 22:28:38,680) [WARN] -rejected
  (2015-05-14 22:28:38,680) [DEBUG] -Path: D:\workplace\Server_application\FM\2015-05-14_8.log
  (2015-05-14 22:28:38,680) [DEBUG] -Done!
  (2015-05-14 22:28:38,680) [WARN] -rejected
  (2015-05-14 22:28:38,681) [DEBUG] -Path: D:\workplace\Server_application\FM\2015-05-14_9.log
  (2015-05-14 22:28:38,681) [DEBUG] -Done!
  (2015-05-14 22:28:38,681) [WARN] -rejected
  (2015-05-14 22:28:57,326) [DEBUG] -Path: D:\workplace\Server_application\FM\2015-05-14_0.log
  (2015-05-14 22:28:57,327) [DEBUG] -Done!
  (2015-05-14 22:28:57,327) [DEBUG] -Path: D:\workplace\Server_application\FM\2015-05-14_1.log
  (2015-05-14 22:28:57,328) [DEBUG] -Done!
  (2015-05-14 22:28:57,328) [DEBUG] -Path: D:\workplace\Server_application\FM\2015-05-14_2.log
  (2015-05-14 22:28:57,328) [DEBUG] -Done!
  (2015-05-14 22:28:57,329) [DEBUG] -Path: D:\workplace\Server_application\FM\2015-05-14_3.log
  (2015-05-14 22:28:57,329) [DEBUG] -Done!
  (2015-05-14 22:28:57,330) [DEBUG] -Path: D:\workplace\Server_application\FM\2015-05-14_4.log
  (2015-05-14 22:28:57,330) [DEBUG] -Done!
  (2015-05-14 22:28:57,330) [DEBUG] -Path: D:\workplace\Server_application\FM\2015-05-14_5.log
  (2015-05-14 22:28:57,331) [DEBUG] -Done!
  (2015-05-14 22:28:57,331) [WARN] -rejectedaaaaaaaaaaaaaaaaaaaaaaaaa
  (2015-05-14 22:28:57,331) [DEBUG] -Path: D:\workplace\Server_application\FM\2015-05-14_6.log
  (2015-05-14 22:28:57,331) [DEBUG] -Done!
  (2015-05-14 22:28:57,331) [WARN] -rejectedaaaaaaaaaaaaaaaaaaaaaaaaa
  (2015-05-14 22:28:57,332) [DEBUG] -Path: D:\workplace\Server_application\FM\2015-05-14_7.log
  (2015-05-14 22:28:57,332) [DEBUG] -Done!
  (2015-05-14 22:28:57,332) [WARN] -rejectedaaaaaaaaaaaaaaaaaaaaaaaaa
  (2015-05-14 22:28:57,332) [DEBUG] -Path: D:\workplace\Server_application\FM\2015-05-14_8.log
  (2015-05-14 22:28:57,333) [DEBUG] -Done!
  (2015-05-14 22:28:57,333) [WARN] -rejectedaaaaaaaaaaaaaaaaaaaaaaaaa
  (2015-05-14 22:28:57,333) [DEBUG] -Path: D:\workplace\Server_application\FM\2015-05-14_9.log
  (2015-05-14 22:28:57,333) [DEBUG] -Done!
  (2015-05-14 22:28:57,333) [WARN] -rejectedaaaaaaaaaaaaaaaaaaaaaaaaa
  (2015-05-14 22:32:28,643) [DEBUG] -Path: D:\workplace\Server_application\FM\2015-05-14_0.log
  (2015-05-14 22:32:28,643) [DEBUG] -Done!
  (2015-05-14 22:32:28,644) [INFO] -finished request
  (2015-05-14 22:32:28,644) [DEBUG] -Path: D:\workplace\Server_application\FM\2015-05-14_1.log
  (2015-05-14 22:32:28,645) [DEBUG] -Done!
  (2015-05-14 22:32:28,645) [INFO] -finished request
  (2015-05-14 22:32:28,645) [DEBUG] -Path: D:\workplace\Server_application\FM\2015-05-14_2.log
  (2015-05-14 22:32:28,645) [DEBUG] -Done!
  (2015-05-14 22:32:28,646) [INFO] -finished request
  (2015-05-14 22:32:28,646) [DEBUG] -Path: D:\workplace\Server_application\FM\2015-05-14_3.log
  (2015-05-14 22:32:28,647) [DEBUG] -Done!
  (2015-05-14 22:32:28,647) [INFO] -finished request
  (2015-05-14 22:32:28,648) [DEBUG] -Path: D:\workplace\Server_application\FM\2015-05-14_4.log
  (2015-05-14 22:32:28,648) [DEBUG] -Done!
  (2015-05-14 22:32:28,648) [INFO] -finished request
  (2015-05-14 22:32:28,649) [DEBUG] -Path: D:\workplace\Server_application\FM\2015-05-14_5.log
  (2015-05-14 22:32:28,649) [DEBUG] -Done!
  (2015-05-14 22:32:28,649) [WARN] -You have reached to the maximum license number
  (2015-05-14 22:32:28,649) [DEBUG] -Path: D:\workplace\Server_application\FM\2015-05-14_6.log
  (2015-05-14 22:32:28,650) [DEBUG] -Done!
  (2015-05-14 22:32:28,650) [WARN] -You have reached to the maximum license number
  (2015-05-14 22:32:28,650) [DEBUG] -Path: D:\workplace\Server_application\FM\2015-05-14_7.log
  (2015-05-14 22:32:28,651) [DEBUG] -Done!
  (2015-05-14 22:32:28,651) [WARN] -You have reached to the maximum license number
  (2015-05-14 22:32:28,651) [DEBUG] -Path: D:\workplace\Server_application\FM\2015-05-14_8.log
  (2015-05-14 22:32:28,651) [DEBUG] -Done!
  (2015-05-14 22:32:28,651) [WARN] -You have reached to the maximum license number
  (2015-05-14 22:32:28,652) [DEBUG] -Path: D:\workplace\Server_application\FM\2015-05-14_9.log
  (2015-05-14 22:32:28,652) [DEBUG] -Done!
  (2015-05-14 22:32:28,652) [WARN] -You have reached to the maximum license number
  (2015-05-14 22:33:14,243) [DEBUG] -Path: D:\workplace\Server_application\FM\2015-05-14_0.log
  (2015-05-14 22:33:14,244) [DEBUG] -Done!
  (2015-05-14 22:33:14,244) [INFO] -finished request
  (2015-05-14 22:33:14,245) [DEBUG] -Path: D:\workplace\Server_application\FM\2015-05-14_1.log
  (2015-05-14 22:33:14,245) [DEBUG] -Done!
  (2015-05-14 22:33:14,245) [INFO] -finished request
  (2015-05-14 22:33:14,245) [DEBUG] -Path: D:\workplace\Server_application\FM\2015-05-14_2.log
  (2015-05-14 22:33:14,246) [DEBUG] -Done!
  (2015-05-14 22:33:14,246) [INFO] -finished request
  (2015-05-14 22:33:14,246) [DEBUG] -Path: D:\workplace\Server_application\FM\2015-05-14_3.log
  (2015-05-14 22:33:14,247) [DEBUG] -Done!
  (2015-05-14 22:33:14,247) [INFO] -finished request
  (2015-05-14 22:33:14,247) [DEBUG] -Path: D:\workplace\Server_application\FM\2015-05-14_4.log
  (2015-05-14 22:33:14,247) [DEBUG] -Done!
  (2015-05-14 22:33:14,248) [INFO] -finished request
  (2015-05-14 22:33:14,248) [DEBUG] -Path: D:\workplace\Server_application\FM\2015-05-14_5.log
  (2015-05-14 22:33:14,248) [DEBUG] -Done!
  (2015-05-14 22:33:14,248) [WARN] -You have reached to the maximum license number
  (2015-05-14 22:33:14,249) [DEBUG] -Path: D:\workplace\Server_application\FM\2015-05-14_6.log
  (2015-05-14 22:33:14,249) [DEBUG] -Done!
  (2015-05-14 22:33:14,249) [WARN] -You have reached to the maximum license number
  (2015-05-14 22:33:14,249) [DEBUG] -Path: D:\workplace\Server_application\FM\2015-05-14_7.log
  (2015-05-14 22:33:14,250) [DEBUG] -Done!
  (2015-05-14 22:33:14,250) [WARN] -You have reached to the maximum license number
  (2015-05-14 22:33:14,250) [DEBUG] -Path: D:\workplace\Server_application\FM\2015-05-14_8.log
  (2015-05-14 22:33:14,250) [DEBUG] -Done!
  (2015-05-14 22:33:14,250) [WARN] -You have reached to the maximum license number
  (2015-05-14 22:33:14,250) [DEBUG] -Path: D:\workplace\Server_application\FM\2015-05-14_9.log
  (2015-05-14 22:33:14,251) [DEBUG] -Done!
  (2015-05-14 22:33:14,251) [WARN] -You have reached to the maximum license number
  (2015-05-14 22:33:51,078) [DEBUG] -Path: D:\workplace\Server_application\FM\2015-05-14_0.log
  (2015-05-14 22:33:51,078) [DEBUG] -Done!
  (2015-05-14 22:33:51,079) [INFO] -finished request
  (2015-05-14 22:33:51,079) [DEBUG] -Path: D:\workplace\Server_application\FM\2015-05-14_1.log
  (2015-05-14 22:33:51,080) [DEBUG] -Done!
  (2015-05-14 22:33:51,080) [INFO] -finished request
  (2015-05-14 22:33:51,080) [DEBUG] -Path: D:\workplace\Server_application\FM\2015-05-14_2.log
  (2015-05-14 22:33:51,081) [DEBUG] -Done!
  (2015-05-14 22:33:51,081) [INFO] -finished request
  (2015-05-14 22:33:51,081) [DEBUG] -Path: D:\workplace\Server_application\FM\2015-05-14_3.log
  (2015-05-14 22:33:51,082) [DEBUG] -Done!
  (2015-05-14 22:33:51,082) [INFO] -finished request
  (2015-05-14 22:33:51,082) [DEBUG] -Path: D:\workplace\Server_application\FM\2015-05-14_4.log
  (2015-05-14 22:33:51,083) [DEBUG] -Done!
  (2015-05-14 22:33:51,083) [INFO] -finished request
  (2015-05-14 22:33:51,083) [DEBUG] -Path: D:\workplace\Server_application\FM\2015-05-14_5.log
  (2015-05-14 22:33:51,084) [DEBUG] -Done!
  (2015-05-14 22:33:51,084) [WARN] -You have reached to the maximum license number
  (2015-05-14 22:33:51,084) [DEBUG] -Path: D:\workplace\Server_application\FM\2015-05-14_6.log
  (2015-05-14 22:33:51,085) [DEBUG] -Done!
  (2015-05-14 22:33:51,085) [WARN] -You have reached to the maximum license number
  (2015-05-14 22:33:51,085) [DEBUG] -Path: D:\workplace\Server_application\FM\2015-05-14_7.log
  (2015-05-14 22:33:51,085) [DEBUG] -Done!
  (2015-05-14 22:33:51,085) [WARN] -You have reached to the maximum license number
  (2015-05-14 22:33:51,086) [DEBUG] -Path: D:\workplace\Server_application\FM\2015-05-14_8.log
  (2015-05-14 22:33:51,086) [DEBUG] -Done!
  (2015-05-14 22:33:51,086) [WARN] -You have reached to the maximum license number
  (2015-05-14 22:33:51,086) [DEBUG] -Path: D:\workplace\Server_application\FM\2015-05-14_9.log
  (2015-05-14 22:33:51,087) [DEBUG] -Done!
  (2015-05-14 22:33:51,087) [WARN] -You have reached to the maximum license number
  (2015-05-14 22:34:16,462) [DEBUG] -Path: D:\workplace\Server_application\FM\2015-05-14_0.log
  (2015-05-14 22:34:16,463) [DEBUG] -Done!
  (2015-05-14 22:34:16,463) [INFO] -finished request
  (2015-05-14 22:34:16,463) [DEBUG] -Path: D:\workplace\Server_application\FM\2015-05-14_1.log
  (2015-05-14 22:34:16,464) [DEBUG] -Done!
  (2015-05-14 22:34:16,464) [INFO] -finished request
  (2015-05-14 22:34:16,464) [DEBUG] -Path: D:\workplace\Server_application\FM\2015-05-14_2.log
  (2015-05-14 22:34:16,465) [DEBUG] -Done!
  (2015-05-14 22:34:16,465) [INFO] -finished request
  (2015-05-14 22:34:16,465) [DEBUG] -Path: D:\workplace\Server_application\FM\2015-05-14_3.log
  (2015-05-14 22:34:16,465) [DEBUG] -Done!
  (2015-05-14 22:34:16,466) [INFO] -finished request
  (2015-05-14 22:34:16,466) [DEBUG] -Path: D:\workplace\Server_application\FM\2015-05-14_4.log
  (2015-05-14 22:34:16,466) [DEBUG] -Done!
  (2015-05-14 22:34:16,466) [INFO] -finished request
  (2015-05-14 22:34:16,467) [DEBUG] -Path: D:\workplace\Server_application\FM\2015-05-14_5.log
  (2015-05-14 22:34:16,467) [DEBUG] -Done!
  (2015-05-14 22:34:16,467) [WARN] -You have reached to the maximum license number
  (2015-05-14 22:34:16,467) [DEBUG] -Path: D:\workplace\Server_application\FM\2015-05-14_6.log
  (2015-05-14 22:34:16,468) [DEBUG] -Done!
  (2015-05-14 22:34:16,468) [WARN] -You have reached to the maximum license number
  (2015-05-14 22:34:16,468) [DEBUG] -Path: D:\workplace\Server_application\FM\2015-05-14_7.log
  (2015-05-14 22:34:16,468) [DEBUG] -Done!
  (2015-05-14 22:34:16,468) [WARN] -You have reached to the maximum license number
  (2015-05-14 22:34:16,469) [DEBUG] -Path: D:\workplace\Server_application\FM\2015-05-14_8.log
  (2015-05-14 22:34:16,469) [DEBUG] -Done!
  (2015-05-14 22:34:16,469) [WARN] -You have reached to the maximum license number
  (2015-05-14 22:34:16,469) [DEBUG] -Path: D:\workplace\Server_application\FM\2015-05-14_9.log
  (2015-05-14 22:34:16,470) [DEBUG] -Done!
  (2015-05-14 22:34:16,470) [WARN] -You have reached to the maximum license number
  (2015-05-14 22:34:42,298) [DEBUG] -Path: D:\workplace\Server_application\FM\2015-05-14_0.log
  (2015-05-14 22:34:42,299) [DEBUG] -Done!
  (2015-05-14 22:34:42,299) [INFO] -finished request
  (2015-05-14 22:34:42,300) [DEBUG] -Path: D:\workplace\Server_application\FM\2015-05-14_1.log
  (2015-05-14 22:34:42,300) [DEBUG] -Done!
  (2015-05-14 22:34:42,300) [INFO] -finished request
  (2015-05-14 22:34:42,301) [DEBUG] -Path: D:\workplace\Server_application\FM\2015-05-14_2.log
  (2015-05-14 22:34:42,302) [DEBUG] -Done!
  (2015-05-14 22:34:42,302) [INFO] -finished request
  (2015-05-14 22:34:42,302) [DEBUG] -Path: D:\workplace\Server_application\FM\2015-05-14_3.log
  (2015-05-14 22:34:42,303) [DEBUG] -Done!
  (2015-05-14 22:34:42,303) [INFO] -finished request
  (2015-05-14 22:34:42,303) [DEBUG] -Path: D:\workplace\Server_application\FM\2015-05-14_4.log
  (2015-05-14 22:34:42,304) [DEBUG] -Done!
  (2015-05-14 22:34:42,304) [INFO] -finished request
  (2015-05-14 22:34:42,304) [DEBUG] -Path: D:\workplace\Server_application\FM\2015-05-14_5.log
  (2015-05-14 22:34:42,305) [DEBUG] -Done!
  (2015-05-14 22:34:42,305) [WARN] -You have reached to the maximum license number
  (2015-05-14 22:34:42,305) [DEBUG] -Path: D:\workplace\Server_application\FM\2015-05-14_6.log
  (2015-05-14 22:34:42,305) [DEBUG] -Done!
  (2015-05-14 22:34:42,305) [WARN] -You have reached to the maximum license number
  (2015-05-14 22:34:42,306) [DEBUG] -Path: D:\workplace\Server_application\FM\2015-05-14_7.log
  (2015-05-14 22:34:42,306) [DEBUG] -Done!
  (2015-05-14 22:34:42,306) [WARN] -You have reached to the maximum license number
  (2015-05-14 22:34:42,306) [DEBUG] -Path: D:\workplace\Server_application\FM\2015-05-14_8.log
  (2015-05-14 22:34:42,307) [DEBUG] -Done!
  (2015-05-14 22:34:42,307) [WARN] -You have reached to the maximum license number
  (2015-05-14 22:34:42,307) [DEBUG] -Path: D:\workplace\Server_application\FM\2015-05-14_9.log
  (2015-05-14 22:34:42,307) [DEBUG] -Done!
  (2015-05-14 22:34:42,307) [WARN] -You have reached to the maximum license number
  (2015-05-14 22:37:52,949) [DEBUG] -Path: D:\workplace\Server_application\FM\2015-05-14_0.log
  (2015-05-14 22:37:52,950) [DEBUG] -Done!
  (2015-05-14 22:37:52,950) [INFO] -finished request
  (2015-05-14 22:37:52,951) [DEBUG] -Path: D:\workplace\Server_application\FM\2015-05-14_1.log
  (2015-05-14 22:37:52,951) [DEBUG] -Done!
  (2015-05-14 22:37:52,951) [INFO] -finished request
  (2015-05-14 22:37:52,951) [DEBUG] -Path: D:\workplace\Server_application\FM\2015-05-14_2.log
  (2015-05-14 22:37:52,952) [DEBUG] -Done!
  (2015-05-14 22:37:52,952) [INFO] -finished request
  (2015-05-14 22:37:52,952) [DEBUG] -Path: D:\workplace\Server_application\FM\2015-05-14_3.log
  (2015-05-14 22:37:52,953) [DEBUG] -Done!
  (2015-05-14 22:37:52,953) [INFO] -finished request
  (2015-05-14 22:37:52,953) [DEBUG] -Path: D:\workplace\Server_application\FM\2015-05-14_4.log
  (2015-05-14 22:37:52,954) [DEBUG] -Done!
  (2015-05-14 22:37:52,954) [INFO] -finished request
  (2015-05-14 22:37:52,954) [DEBUG] -Path: D:\workplace\Server_application\FM\2015-05-14_5.log
  (2015-05-14 22:37:52,955) [DEBUG] -Done!
  (2015-05-14 22:37:52,955) [WARN] -You have reached to the maximum license number
  (2015-05-14 22:37:52,955) [DEBUG] -Path: D:\workplace\Server_application\FM\2015-05-14_6.log
  (2015-05-14 22:37:52,955) [DEBUG] -Done!
  (2015-05-14 22:37:52,955) [WARN] -You have reached to the maximum license number
  (2015-05-14 22:37:52,956) [DEBUG] -Path: D:\workplace\Server_application\FM\2015-05-14_7.log
  (2015-05-14 22:37:52,956) [DEBUG] -Done!
  (2015-05-14 22:37:52,956) [WARN] -You have reached to the maximum license number
  (2015-05-14 22:37:52,956) [DEBUG] -Path: D:\workplace\Server_application\FM\2015-05-14_8.log
  (2015-05-14 22:37:52,957) [DEBUG] -Done!
  (2015-05-14 22:37:52,957) [WARN] -You have reached to the maximum license number
  (2015-05-14 22:37:52,957) [DEBUG] -Path: D:\workplace\Server_application\FM\2015-05-14_9.log
  (2015-05-14 22:37:52,957) [DEBUG] -Done!
  (2015-05-14 22:37:52,957) [WARN] -You have reached to the maximum license number
  